# JRE version: Java(TM) SE Runtime Environment (17.0.12+8) (build 17.0.12+8-LTS-286)
# Java VM: Java HotSpot(TM) 64-Bit Server VM (17.0.12+8-LTS-286, mixed mode, sharing, tiered, compressed oops, compressed class ptrs, g1 gc, windows-amd64)
GC Precious Log:
 CPUs: 8 total, 8 available
 Memory: 7834M
 Large Page Support: Disabled
 NUMA Support: Disabled
 Compressed Oops: Enabled (32-bit)
 Heap Region Size: 1M
 Heap Min Capacity: 8M
 Heap Initial Capacity: 124M
 Heap Max Capacity: 2G
 Pre-touch: Disabled
 Parallel Workers: 8
 Concurrent Workers: 2
 Concurrent Refinement Workers: 8
 Periodic GC: Disabled
Heap:
 garbage-first heap   total 86016K, used 51664K [0x0000000080000000, 0x0000000100000000)
  region size 1024K, 24 young (24576K), 3 survivors (3072K)
 Metaspace       used 38007K, committed 38656K, reserved 491520K
  class space    used 5415K, committed 5696K, reserved 425984K
GC Heap History (18 events):
Event: 0.454 GC heap before
{Heap before GC invocations=0 (full 0):
 garbage-first heap   total 126976K, used 22528K [0x0000000080000000, 0x0000000100000000)
  region size 1024K, 23 young (23552K), 0 survivors (0K)
 Metaspace       used 1070K, committed 1216K, reserved 491520K
  class space    used 72K, committed 128K, reserved 425984K
}
Event: 0.457 GC heap after
{Heap after GC invocations=1 (full 0):
 garbage-first heap   total 126976K, used 2448K [0x0000000080000000, 0x0000000100000000)
  region size 1024K, 3 young (3072K), 3 survivors (3072K)
 Metaspace       used 1070K, committed 1216K, reserved 491520K
  class space    used 72K, committed 128K, reserved 425984K
}
Event: 1.151 GC heap before
{Heap before GC invocations=1 (full 0):
 garbage-first heap   total 126976K, used 41360K [0x0000000080000000, 0x0000000100000000)
  region size 1024K, 38 young (38912K), 3 survivors (3072K)
 Metaspace       used 4514K, committed 4672K, reserved 491520K
  class space    used 571K, committed 640K, reserved 425984K
}
Event: 1.161 GC heap after
{Heap after GC invocations=2 (full 0):
 garbage-first heap   total 126976K, used 10553K [0x0000000080000000, 0x0000000100000000)
  region size 1024K, 5 young (5120K), 5 survivors (5120K)
 Metaspace       used 4514K, committed 4672K, reserved 491520K
  class space    used 571K, committed 640K, reserved 425984K
}
Event: 2.054 GC heap before
{Heap before GC invocations=2 (full 0):
 garbage-first heap   total 126976K, used 59705K [0x0000000080000000, 0x0000000100000000)
  region size 1024K, 51 young (52224K), 5 survivors (5120K)
 Metaspace       used 4930K, committed 5120K, reserved 491520K
  class space    used 634K, committed 704K, reserved 425984K
}
Event: 2.062 GC heap after
{Heap after GC invocations=3 (full 0):
 garbage-first heap   total 126976K, used 16322K [0x0000000080000000, 0x0000000100000000)
  region size 1024K, 5 young (5120K), 5 survivors (5120K)
 Metaspace       used 4930K, committed 5120K, reserved 491520K
  class space    used 634K, committed 704K, reserved 425984K
}
Event: 5.805 GC heap before
{Heap before GC invocations=3 (full 0):
 garbage-first heap   total 126976K, used 86978K [0x0000000080000000, 0x0000000100000000)
  region size 1024K, 74 young (75776K), 5 survivors (5120K)
 Metaspace       used 16816K, committed 17152K, reserved 491520K
  class space    used 2355K, committed 2496K, reserved 425984K
}
Event: 5.819 GC heap after
{Heap after GC invocations=4 (full 0):
 garbage-first heap   total 126976K, used 21367K [0x0000000080000000, 0x0000000100000000)
  region size 1024K, 10 young (10240K), 10 survivors (10240K)
 Metaspace       used 16816K, committed 17152K, reserved 491520K
  class space    used 2355K, committed 2496K, reserved 425984K
}
Event: 6.646 GC heap before
{Heap before GC invocations=4 (full 0):
 garbage-first heap   total 126976K, used 53111K [0x0000000080000000, 0x0000000100000000)
  region size 1024K, 41 young (41984K), 10 survivors (10240K)
 Metaspace       used 21131K, committed 21504K, reserved 491520K
  class space    used 2925K, committed 3136K, reserved 425984K
}
Event: 6.653 GC heap after
{Heap after GC invocations=5 (full 0):
 garbage-first heap   total 126976K, used 23346K [0x0000000080000000, 0x0000000100000000)
  region size 1024K, 3 young (3072K), 3 survivors (3072K)
 Metaspace       used 21131K, committed 21504K, reserved 491520K
  class space    used 2925K, committed 3136K, reserved 425984K
}
Event: 8.243 GC heap before
{Heap before GC invocations=6 (full 0):
 garbage-first heap   total 86016K, used 71474K [0x0000000080000000, 0x0000000100000000)
  region size 1024K, 50 young (51200K), 3 survivors (3072K)
 Metaspace       used 26670K, committed 27072K, reserved 491520K
  class space    used 3795K, committed 3968K, reserved 425984K
}
Event: 8.247 GC heap after
{Heap after GC invocations=7 (full 0):
 garbage-first heap   total 86016K, used 25160K [0x0000000080000000, 0x0000000100000000)
  region size 1024K, 4 young (4096K), 4 survivors (4096K)
 Metaspace       used 26670K, committed 27072K, reserved 491520K
  class space    used 3795K, committed 3968K, reserved 425984K
}
Event: 9.401 GC heap before
{Heap before GC invocations=7 (full 0):
 garbage-first heap   total 86016K, used 64072K [0x0000000080000000, 0x0000000100000000)
  region size 1024K, 43 young (44032K), 4 survivors (4096K)
 Metaspace       used 32786K, committed 33216K, reserved 491520K
  class space    used 4573K, committed 4736K, reserved 425984K
}
Event: 9.408 GC heap after
{Heap after GC invocations=8 (full 0):
 garbage-first heap   total 86016K, used 28235K [0x0000000080000000, 0x0000000100000000)
  region size 1024K, 6 young (6144K), 6 survivors (6144K)
 Metaspace       used 32786K, committed 33216K, reserved 491520K
  class space    used 4573K, committed 4736K, reserved 425984K
}
Event: 10.632 GC heap before
{Heap before GC invocations=8 (full 0):
 garbage-first heap   total 86016K, used 51787K [0x0000000080000000, 0x0000000100000000)
  region size 1024K, 30 young (30720K), 6 survivors (6144K)
 Metaspace       used 35424K, committed 35968K, reserved 491520K
  class space    used 4990K, committed 5248K, reserved 425984K
}
Event: 10.641 GC heap after
{Heap after GC invocations=9 (full 0):
 garbage-first heap   total 86016K, used 30303K [0x0000000080000000, 0x0000000100000000)
  region size 1024K, 6 young (6144K), 6 survivors (6144K)
 Metaspace       used 35424K, committed 35968K, reserved 491520K
  class space    used 4990K, committed 5248K, reserved 425984K
}
Event: 11.190 GC heap before
{Heap before GC invocations=10 (full 0):
 garbage-first heap   total 86016K, used 65119K [0x0000000080000000, 0x0000000100000000)
  region size 1024K, 40 young (40960K), 6 survivors (6144K)
 Metaspace       used 36179K, committed 36800K, reserved 491520K
  class space    used 5119K, committed 5440K, reserved 425984K
}
Event: 11.197 GC heap after
{Heap after GC invocations=11 (full 0):
 garbage-first heap   total 86016K, used 31184K [0x0000000080000000, 0x0000000100000000)
  region size 1024K, 3 young (3072K), 3 survivors (3072K)
 Metaspace       used 36179K, committed 36800K, reserved 491520K
  class space    used 5119K, committed 5440K, reserved 425984K
}

